C:\Users\ANTadmin\Desktop\MetaAPI\\lib\x64\Release\GnssMetadata.lib
C:\USERS\ANTADMIN\DESKTOP\METAAPI\LIB\GNSSMETADATA\OBJ\X64\RELEASE\ANYURI.OBJ
C:\USERS\ANTADMIN\DESKTOP\METAAPI\LIB\GNSSMETADATA\OBJ\X64\RELEASE\ANYURITRANSLATOR.OBJ
C:\USERS\ANTADMIN\DESKTOP\METAAPI\LIB\GNSSMETADATA\OBJ\X64\RELEASE\ATTRIBUTEDOBJECT.OBJ
C:\USERS\ANTADMIN\DESKTOP\METAAPI\LIB\GNSSMETADATA\OBJ\X64\RELEASE\BAND.OBJ
C:\USERS\ANTADMIN\DESKTOP\METAAPI\LIB\GNSSMETADATA\OBJ\X64\RELEASE\BANDTRANSLATOR.OBJ
C:\USERS\ANTADMIN\DESKTOP\METAAPI\LIB\GNSSMETADATA\OBJ\X64\RELEASE\BLOCK.OBJ
C:\USERS\ANTADMIN\DESKTOP\METAAPI\LIB\GNSSMETADATA\OBJ\X64\RELEASE\BLOCKTRANSLATOR.OBJ
C:\USERS\ANTADMIN\DESKTOP\METAAPI\LIB\GNSSMETADATA\OBJ\X64\RELEASE\CHUNK.OBJ
C:\USERS\ANTADMIN\DESKTOP\METAAPI\LIB\GNSSMETADATA\OBJ\X64\RELEASE\CHUNKTRANSLATOR.OBJ
C:\Users\ANTadmin\Desktop\MetaAPI\lib\GnssMetadata\obj\x64\Release\cl.command.1.tlog
C:\Users\ANTadmin\Desktop\MetaAPI\lib\GnssMetadata\obj\x64\Release\CL.read.1.tlog
C:\Users\ANTadmin\Desktop\MetaAPI\lib\GnssMetadata\obj\x64\Release\CL.write.1.tlog
C:\USERS\ANTADMIN\DESKTOP\METAAPI\LIB\GNSSMETADATA\OBJ\X64\RELEASE\CLUSTER.OBJ
C:\USERS\ANTADMIN\DESKTOP\METAAPI\LIB\GNSSMETADATA\OBJ\X64\RELEASE\CLUSTERTRANSLATOR.OBJ
C:\USERS\ANTADMIN\DESKTOP\METAAPI\LIB\GNSSMETADATA\OBJ\X64\RELEASE\COMMENT.OBJ
C:\USERS\ANTADMIN\DESKTOP\METAAPI\LIB\GNSSMETADATA\OBJ\X64\RELEASE\DATE.OBJ
C:\USERS\ANTADMIN\DESKTOP\METAAPI\LIB\GNSSMETADATA\OBJ\X64\RELEASE\DURATION.OBJ
C:\USERS\ANTADMIN\DESKTOP\METAAPI\LIB\GNSSMETADATA\OBJ\X64\RELEASE\DURATIONTRANSLATOR.OBJ
C:\USERS\ANTADMIN\DESKTOP\METAAPI\LIB\GNSSMETADATA\OBJ\X64\RELEASE\FILE.OBJ
C:\USERS\ANTADMIN\DESKTOP\METAAPI\LIB\GNSSMETADATA\OBJ\X64\RELEASE\FILESETTRANSLATOR.OBJ
C:\USERS\ANTADMIN\DESKTOP\METAAPI\LIB\GNSSMETADATA\OBJ\X64\RELEASE\FILETRANSLATOR.OBJ
C:\USERS\ANTADMIN\DESKTOP\METAAPI\LIB\GNSSMETADATA\OBJ\X64\RELEASE\FREQUENCY.OBJ
C:\USERS\ANTADMIN\DESKTOP\METAAPI\LIB\GNSSMETADATA\OBJ\X64\RELEASE\FREQUENCYTRANSLATOR.OBJ
C:\Users\ANTadmin\Desktop\MetaAPI\lib\GnssMetadata\obj\x64\Release\GnssMetadata.write.1.tlog
C:\USERS\ANTADMIN\DESKTOP\METAAPI\LIB\GNSSMETADATA\OBJ\X64\RELEASE\LANE.OBJ
C:\USERS\ANTADMIN\DESKTOP\METAAPI\LIB\GNSSMETADATA\OBJ\X64\RELEASE\LANETRANSLATOR.OBJ
C:\Users\ANTadmin\Desktop\MetaAPI\lib\GnssMetadata\obj\x64\Release\lib.command.1.tlog
C:\Users\ANTadmin\Desktop\MetaAPI\lib\GnssMetadata\obj\x64\Release\Lib-link.read.1.tlog
C:\Users\ANTadmin\Desktop\MetaAPI\lib\GnssMetadata\obj\x64\Release\Lib-link.write.1.tlog
C:\USERS\ANTADMIN\DESKTOP\METAAPI\LIB\GNSSMETADATA\OBJ\X64\RELEASE\LUMP.OBJ
C:\USERS\ANTADMIN\DESKTOP\METAAPI\LIB\GNSSMETADATA\OBJ\X64\RELEASE\LUMPTRANSLATOR.OBJ
C:\USERS\ANTADMIN\DESKTOP\METAAPI\LIB\GNSSMETADATA\OBJ\X64\RELEASE\METADATA.OBJ
C:\USERS\ANTADMIN\DESKTOP\METAAPI\LIB\GNSSMETADATA\OBJ\X64\RELEASE\METADATATRANSLATOR.OBJ
C:\USERS\ANTADMIN\DESKTOP\METAAPI\LIB\GNSSMETADATA\OBJ\X64\RELEASE\OSCILLATORTRANSLATOR.OBJ
C:\USERS\ANTADMIN\DESKTOP\METAAPI\LIB\GNSSMETADATA\OBJ\X64\RELEASE\POSITION.OBJ
C:\USERS\ANTADMIN\DESKTOP\METAAPI\LIB\GNSSMETADATA\OBJ\X64\RELEASE\POSITIONTRANSLATOR.OBJ
C:\USERS\ANTADMIN\DESKTOP\METAAPI\LIB\GNSSMETADATA\OBJ\X64\RELEASE\RFCONFIGTRANSLATOR.OBJ
C:\USERS\ANTADMIN\DESKTOP\METAAPI\LIB\GNSSMETADATA\OBJ\X64\RELEASE\SESSION.OBJ
C:\USERS\ANTADMIN\DESKTOP\METAAPI\LIB\GNSSMETADATA\OBJ\X64\RELEASE\SESSIONTRANSLATOR.OBJ
C:\USERS\ANTADMIN\DESKTOP\METAAPI\LIB\GNSSMETADATA\OBJ\X64\RELEASE\SOURCE.OBJ
C:\USERS\ANTADMIN\DESKTOP\METAAPI\LIB\GNSSMETADATA\OBJ\X64\RELEASE\SOURCETRANSLATOR.OBJ
C:\USERS\ANTADMIN\DESKTOP\METAAPI\LIB\GNSSMETADATA\OBJ\X64\RELEASE\STREAM.OBJ
C:\USERS\ANTADMIN\DESKTOP\METAAPI\LIB\GNSSMETADATA\OBJ\X64\RELEASE\STREAMTRANSLATOR.OBJ
C:\USERS\ANTADMIN\DESKTOP\METAAPI\LIB\GNSSMETADATA\OBJ\X64\RELEASE\SYSTEM.OBJ
C:\USERS\ANTADMIN\DESKTOP\METAAPI\LIB\GNSSMETADATA\OBJ\X64\RELEASE\SYSTEMTRANSLATOR.OBJ
C:\USERS\ANTADMIN\DESKTOP\METAAPI\LIB\GNSSMETADATA\OBJ\X64\RELEASE\TRANSLATOR.OBJ
C:\USERS\ANTADMIN\DESKTOP\METAAPI\LIB\GNSSMETADATA\OBJ\X64\RELEASE\VC100.PDB
C:\USERS\ANTADMIN\DESKTOP\METAAPI\LIB\GNSSMETADATA\OBJ\X64\RELEASE\XMLPROCESSOR.OBJ
C:\USERS\ANTADMIN\DESKTOP\METAAPI\LIB\X64\RELEASE\GNSSMETADATA.LIB
