Build started 8/4/2015 5:50:16 PM.
     1>Project "C:\Users\ANTadmin\Desktop\SDR_STANDARD\GnssReader\GnssReader\GnssReader.vcxproj" on node 2 (build target(s)).
     1>InitializeBuildStatus:
         Touching "Release\GnssReader.unsuccessfulbuild".
       ClCompile:
         c:\Program Files (x86)\Microsoft Visual Studio 10.0\VC\bin\CL.exe /c /Zi /nologo /W3 /WX- /O2 /Oi /Oy- /GL /D WIN32 /D NDEBUG /D _CONSOLE /D _UNICODE /D UNICODE /Gm- /EHsc /MD /GS /Gy /fp:precise /Zc:wchar_t /Zc:forScope /Fo"Release\\" /Fd"Release\vc100.pdb" /Gd /TP /analyze- /errorReport:prompt ..\..\GnssMetadata\lib\GnssMetadata\AnyUri.cpp ..\..\GnssMetadata\lib\GnssMetadata\AttributedObject.cpp ..\..\GnssMetadata\lib\GnssMetadata\Band.cpp ..\..\GnssMetadata\lib\GnssMetadata\BaseTypes.cpp ..\..\GnssMetadata\lib\GnssMetadata\Block.cpp ..\..\GnssMetadata\lib\GnssMetadata\Chunk.cpp ..\..\GnssMetadata\lib\GnssMetadata\Cluster.cpp ..\..\GnssMetadata\lib\GnssMetadata\Comment.cpp ..\..\GnssMetadata\lib\GnssMetadata\Date.cpp ..\..\GnssMetadata\lib\GnssMetadata\Duration.cpp ..\..\GnssMetadata\lib\GnssMetadata\File.cpp ..\..\GnssMetadata\lib\GnssMetadata\Frequency.cpp ..\..\GnssMetadata\lib\GnssMetadata\Lane.cpp ..\..\GnssMetadata\lib\GnssMetadata\Lump.cpp ..\..\GnssMetadata\lib\GnssMetadata\Metadata.cpp ..\..\GnssMetadata\lib\GnssMetadata\Position.cpp ..\..\GnssMetadata\lib\GnssMetadata\Session.cpp ..\..\GnssMetadata\lib\GnssMetadata\Source.cpp ..\..\GnssMetadata\lib\GnssMetadata\Stream.cpp ..\..\GnssMetadata\lib\GnssMetadata\System.cpp ..\..\GnssMetadata\lib\GnssMetadata\Xml\AnyUriTranslator.cpp ..\..\GnssMetadata\lib\GnssMetadata\Xml\BandTranslator.cpp ..\..\GnssMetadata\lib\GnssMetadata\Xml\BlockTranslator.cpp ..\..\GnssMetadata\lib\GnssMetadata\Xml\ChunkTranslator.cpp ..\..\GnssMetadata\lib\GnssMetadata\Xml\ClusterTranslator.cpp ..\..\GnssMetadata\lib\GnssMetadata\Xml\DurationTranslator.cpp ..\..\GnssMetadata\lib\GnssMetadata\Xml\FileSetTranslator.cpp ..\..\GnssMetadata\lib\GnssMetadata\Xml\FileTranslator.cpp ..\..\GnssMetadata\lib\GnssMetadata\Xml\FrequencyTranslator.cpp ..\..\GnssMetadata\lib\GnssMetadata\Xml\LaneTranslator.cpp ..\..\GnssMetadata\lib\GnssMetadata\Xml\LumpTranslator.cpp ..\..\GnssMetadata\lib\GnssMetadata\Xml\MetadataTranslator.cpp ..\..\GnssMetadata\lib\GnssMetadata\Xml\OscillatorTranslator.cpp ..\..\GnssMetadata\lib\GnssMetadata\Xml\PositionTranslator.cpp ..\..\GnssMetadata\lib\GnssMetadata\Xml\RfConfigTranslator.cpp ..\..\GnssMetadata\lib\GnssMetadata\Xml\SessionTranslator.cpp ..\..\GnssMetadata\lib\GnssMetadata\Xml\SourceTranslator.cpp ..\..\GnssMetadata\lib\GnssMetadata\Xml\StreamTranslator.cpp ..\..\GnssMetadata\lib\GnssMetadata\Xml\SystemTranslator.cpp ..\..\GnssMetadata\lib\GnssMetadata\Xml\Translator.cpp ..\..\GnssMetadata\lib\GnssMetadata\Xml\XmlProcessor.cpp ..\lib\ChunkBuffer.cpp ..\lib\DecStream.cpp ..\lib\FileReader.cpp ..\lib\GnssReader.cpp ..\lib\IBuffer.cpp ..\lib\StreamAnalytics.cpp ..\lib\Test.cpp ..\lib\XMLtoMeta.cpp
         AnyUri.cpp
     1>..\..\GnssMetadata\lib\GnssMetadata\AnyUri.cpp(22): fatal error C1083: Cannot open include file: 'GnssMetadata/AnyUri.h': No such file or directory
         AttributedObject.cpp
     1>..\..\GnssMetadata\lib\GnssMetadata\AttributedObject.cpp(22): fatal error C1083: Cannot open include file: 'GnssMetadata/AttributedObject.h': No such file or directory
         Band.cpp
     1>..\..\GnssMetadata\lib\GnssMetadata\Band.cpp(21): fatal error C1083: Cannot open include file: 'GnssMetadata/Band.h': No such file or directory
         BaseTypes.cpp
     1>..\..\GnssMetadata\lib\GnssMetadata\BaseTypes.cpp(22): fatal error C1083: Cannot open include file: 'GnssMetadata/BaseTypes.h': No such file or directory
         Block.cpp
     1>..\..\GnssMetadata\lib\GnssMetadata\Block.cpp(24): fatal error C1083: Cannot open include file: 'GnssMetadata/Block.h': No such file or directory
         Chunk.cpp
     1>..\..\GnssMetadata\lib\GnssMetadata\Chunk.cpp(22): fatal error C1083: Cannot open include file: 'GnssMetadata/Chunk.h': No such file or directory
         Cluster.cpp
     1>..\..\GnssMetadata\lib\GnssMetadata\Cluster.cpp(24): fatal error C1083: Cannot open include file: 'GnssMetadata/Cluster.h': No such file or directory
         Comment.cpp
     1>..\..\GnssMetadata\lib\GnssMetadata\Comment.cpp(23): fatal error C1083: Cannot open include file: 'GnssMetadata/Comment.h': No such file or directory
         Date.cpp
     1>..\..\GnssMetadata\lib\GnssMetadata\Date.cpp(22): fatal error C1083: Cannot open include file: 'GnssMetadata/Date.h': No such file or directory
         Duration.cpp
     1>..\..\GnssMetadata\lib\GnssMetadata\Duration.cpp(22): fatal error C1083: Cannot open include file: 'GnssMetadata/Duration.h': No such file or directory
         File.cpp
     1>..\..\GnssMetadata\lib\GnssMetadata\File.cpp(24): fatal error C1083: Cannot open include file: 'GnssMetadata/File.h': No such file or directory
         Frequency.cpp
     1>..\..\GnssMetadata\lib\GnssMetadata\Frequency.cpp(23): fatal error C1083: Cannot open include file: 'GnssMetadata/Frequency.h': No such file or directory
         Lane.cpp
     1>..\..\GnssMetadata\lib\GnssMetadata\Lane.cpp(24): fatal error C1083: Cannot open include file: 'GnssMetadata/Lane.h': No such file or directory
         Lump.cpp
     1>..\..\GnssMetadata\lib\GnssMetadata\Lump.cpp(24): fatal error C1083: Cannot open include file: 'GnssMetadata/Lump.h': No such file or directory
         Metadata.cpp
     1>..\..\GnssMetadata\lib\GnssMetadata\Metadata.cpp(23): fatal error C1083: Cannot open include file: 'GnssMetadata/Metadata.h': No such file or directory
         Position.cpp
     1>..\..\GnssMetadata\lib\GnssMetadata\Position.cpp(23): fatal error C1083: Cannot open include file: 'GnssMetadata/Position.h': No such file or directory
         Session.cpp
     1>..\..\GnssMetadata\lib\GnssMetadata\Session.cpp(22): fatal error C1083: Cannot open include file: 'GnssMetadata/Session.h': No such file or directory
         Source.cpp
     1>..\..\GnssMetadata\lib\GnssMetadata\Source.cpp(24): fatal error C1083: Cannot open include file: 'GnssMetadata/Source.h': No such file or directory
         Stream.cpp
     1>..\..\GnssMetadata\lib\GnssMetadata\Stream.cpp(22): fatal error C1083: Cannot open include file: 'GnssMetadata/Stream.h': No such file or directory
         System.cpp
     1>..\..\GnssMetadata\lib\GnssMetadata\System.cpp(21): fatal error C1083: Cannot open include file: 'GnssMetadata/System.h': No such file or directory
         Compiling...
         AnyUriTranslator.cpp
     1>c:\users\antadmin\desktop\sdr_standard\gnssmetadata\lib\gnssmetadata\xml\AnyUriTranslator.h(25): fatal error C1083: Cannot open include file: 'GnssMetadata/BaseTypes.h': No such file or directory
         BandTranslator.cpp
     1>c:\users\antadmin\desktop\sdr_standard\gnssmetadata\lib\gnssmetadata\xml\BandTranslator.h(25): fatal error C1083: Cannot open include file: 'GnssMetadata/BaseTypes.h': No such file or directory
         BlockTranslator.cpp
     1>c:\users\antadmin\desktop\sdr_standard\gnssmetadata\lib\gnssmetadata\xml\BlockTranslator.h(25): fatal error C1083: Cannot open include file: 'GnssMetadata/BaseTypes.h': No such file or directory
         ChunkTranslator.cpp
     1>c:\users\antadmin\desktop\sdr_standard\gnssmetadata\lib\gnssmetadata\xml\ChunkTranslator.h(25): fatal error C1083: Cannot open include file: 'GnssMetadata/BaseTypes.h': No such file or directory
         ClusterTranslator.cpp
     1>c:\users\antadmin\desktop\sdr_standard\gnssmetadata\lib\gnssmetadata\xml\ClusterTranslator.h(25): fatal error C1083: Cannot open include file: 'GnssMetadata/BaseTypes.h': No such file or directory
         DurationTranslator.cpp
     1>c:\users\antadmin\desktop\sdr_standard\gnssmetadata\lib\gnssmetadata\xml\DurationTranslator.h(25): fatal error C1083: Cannot open include file: 'GnssMetadata/BaseTypes.h': No such file or directory
         FileSetTranslator.cpp
     1>c:\users\antadmin\desktop\sdr_standard\gnssmetadata\lib\gnssmetadata\xml\FileSetTranslator.h(25): fatal error C1083: Cannot open include file: 'GnssMetadata/BaseTypes.h': No such file or directory
         FileTranslator.cpp
     1>c:\users\antadmin\desktop\sdr_standard\gnssmetadata\lib\gnssmetadata\xml\FileTranslator.h(25): fatal error C1083: Cannot open include file: 'GnssMetadata/BaseTypes.h': No such file or directory
         FrequencyTranslator.cpp
     1>c:\users\antadmin\desktop\sdr_standard\gnssmetadata\lib\gnssmetadata\xml\FrequencyTranslator.h(25): fatal error C1083: Cannot open include file: 'GnssMetadata/BaseTypes.h': No such file or directory
         LaneTranslator.cpp
     1>c:\users\antadmin\desktop\sdr_standard\gnssmetadata\lib\gnssmetadata\xml\LaneTranslator.h(25): fatal error C1083: Cannot open include file: 'GnssMetadata/BaseTypes.h': No such file or directory
         LumpTranslator.cpp
     1>c:\users\antadmin\desktop\sdr_standard\gnssmetadata\lib\gnssmetadata\xml\LumpTranslator.h(25): fatal error C1083: Cannot open include file: 'GnssMetadata/BaseTypes.h': No such file or directory
         MetadataTranslator.cpp
     1>c:\users\antadmin\desktop\sdr_standard\gnssmetadata\lib\gnssmetadata\xml\MetadataTranslator.h(25): fatal error C1083: Cannot open include file: 'GnssMetadata/BaseTypes.h': No such file or directory
         OscillatorTranslator.cpp
     1>c:\users\antadmin\desktop\sdr_standard\gnssmetadata\lib\gnssmetadata\xml\OscillatorTranslator.h(25): fatal error C1083: Cannot open include file: 'GnssMetadata/BaseTypes.h': No such file or directory
         PositionTranslator.cpp
     1>c:\users\antadmin\desktop\sdr_standard\gnssmetadata\lib\gnssmetadata\xml\PositionTranslator.h(25): fatal error C1083: Cannot open include file: 'GnssMetadata/BaseTypes.h': No such file or directory
         RfConfigTranslator.cpp
     1>c:\users\antadmin\desktop\sdr_standard\gnssmetadata\lib\gnssmetadata\xml\RfConfigTranslator.h(25): fatal error C1083: Cannot open include file: 'GnssMetadata/BaseTypes.h': No such file or directory
         SessionTranslator.cpp
     1>c:\users\antadmin\desktop\sdr_standard\gnssmetadata\lib\gnssmetadata\xml\SessionTranslator.h(25): fatal error C1083: Cannot open include file: 'GnssMetadata/BaseTypes.h': No such file or directory
         SourceTranslator.cpp
     1>c:\users\antadmin\desktop\sdr_standard\gnssmetadata\lib\gnssmetadata\xml\SourceTranslator.h(25): fatal error C1083: Cannot open include file: 'GnssMetadata/BaseTypes.h': No such file or directory
         StreamTranslator.cpp
     1>c:\users\antadmin\desktop\sdr_standard\gnssmetadata\lib\gnssmetadata\xml\StreamTranslator.h(25): fatal error C1083: Cannot open include file: 'GnssMetadata/BaseTypes.h': No such file or directory
         SystemTranslator.cpp
     1>c:\users\antadmin\desktop\sdr_standard\gnssmetadata\lib\gnssmetadata\xml\SystemTranslator.h(25): fatal error C1083: Cannot open include file: 'GnssMetadata/BaseTypes.h': No such file or directory
         Translator.cpp
     1>..\..\GnssMetadata\lib\GnssMetadata\Xml\Translator.cpp(22): fatal error C1083: Cannot open include file: 'GnssMetadata/Xml/Translator.h': No such file or directory
         Compiling...
         XmlProcessor.cpp
     1>..\..\GnssMetadata\lib\GnssMetadata\Xml\XmlProcessor.cpp(24): fatal error C1083: Cannot open include file: 'GnssMetadata/Xml/XmlProcessor.h': No such file or directory
         ChunkBuffer.cpp
     1>..\lib\ChunkBuffer.cpp(5): fatal error C1083: Cannot open include file: 'ChunkBuffer.h': No such file or directory
         DecStream.cpp
     1>..\lib\DecStream.cpp(8): fatal error C1083: Cannot open include file: 'DecStream.h': No such file or directory
         FileReader.cpp
     1>..\lib\FileReader.cpp(11): fatal error C1083: Cannot open include file: 'FileReader.h': No such file or directory
         GnssReader.cpp
     1>..\lib\GnssReader.cpp(5): fatal error C1083: Cannot open include file: 'GnssReader.h': No such file or directory
         IBuffer.cpp
     1>..\lib\IBuffer.cpp(3): fatal error C1083: Cannot open include file: 'IBuffer.h': No such file or directory
         StreamAnalytics.cpp
     1>..\lib\StreamAnalytics.cpp(9): fatal error C1083: Cannot open include file: 'GnssMetadata/Metadata.h': No such file or directory
         Test.cpp
     1>..\lib\Test.cpp(2): fatal error C1083: Cannot open include file: 'GnssReader.h': No such file or directory
         XMLtoMeta.cpp
     1>..\lib\XMLtoMeta.cpp(1): fatal error C1083: Cannot open include file: 'GnssMetadata/Xml/XmlProcessor.h': No such file or directory
     1>Done Building Project "C:\Users\ANTadmin\Desktop\SDR_STANDARD\GnssReader\GnssReader\GnssReader.vcxproj" (build target(s)) -- FAILED.

Build FAILED.

Time Elapsed 00:00:01.62
