C:\Users\ANTadmin\Desktop\GNSSReader\\lib\Win32\Debug\GnssMetadata.lib
C:\USERS\ANTADMIN\DESKTOP\GNSSREADER\LIB\GNSSMETADATA\OBJ\WIN32\DEBUG\ANYURI.OBJ
C:\USERS\ANTADMIN\DESKTOP\GNSSREADER\LIB\GNSSMETADATA\OBJ\WIN32\DEBUG\ANYURITRANSLATOR.OBJ
C:\USERS\ANTADMIN\DESKTOP\GNSSREADER\LIB\GNSSMETADATA\OBJ\WIN32\DEBUG\ATTRIBUTEDOBJECT.OBJ
C:\USERS\ANTADMIN\DESKTOP\GNSSREADER\LIB\GNSSMETADATA\OBJ\WIN32\DEBUG\BAND.OBJ
C:\USERS\ANTADMIN\DESKTOP\GNSSREADER\LIB\GNSSMETADATA\OBJ\WIN32\DEBUG\BANDTRANSLATOR.OBJ
C:\USERS\ANTADMIN\DESKTOP\GNSSREADER\LIB\GNSSMETADATA\OBJ\WIN32\DEBUG\BLOCK.OBJ
C:\USERS\ANTADMIN\DESKTOP\GNSSREADER\LIB\GNSSMETADATA\OBJ\WIN32\DEBUG\BLOCKTRANSLATOR.OBJ
C:\USERS\ANTADMIN\DESKTOP\GNSSREADER\LIB\GNSSMETADATA\OBJ\WIN32\DEBUG\CHUNK.OBJ
C:\USERS\ANTADMIN\DESKTOP\GNSSREADER\LIB\GNSSMETADATA\OBJ\WIN32\DEBUG\CHUNKTRANSLATOR.OBJ
C:\Users\ANTadmin\Desktop\GNSSReader\lib\GnssMetadata\obj\Win32\Debug\cl.command.1.tlog
C:\Users\ANTadmin\Desktop\GNSSReader\lib\GnssMetadata\obj\Win32\Debug\CL.read.1.tlog
C:\Users\ANTadmin\Desktop\GNSSReader\lib\GnssMetadata\obj\Win32\Debug\CL.write.1.tlog
C:\USERS\ANTADMIN\DESKTOP\GNSSREADER\LIB\GNSSMETADATA\OBJ\WIN32\DEBUG\CLUSTER.OBJ
C:\USERS\ANTADMIN\DESKTOP\GNSSREADER\LIB\GNSSMETADATA\OBJ\WIN32\DEBUG\CLUSTERTRANSLATOR.OBJ
C:\USERS\ANTADMIN\DESKTOP\GNSSREADER\LIB\GNSSMETADATA\OBJ\WIN32\DEBUG\COMMENT.OBJ
C:\USERS\ANTADMIN\DESKTOP\GNSSREADER\LIB\GNSSMETADATA\OBJ\WIN32\DEBUG\DATE.OBJ
C:\USERS\ANTADMIN\DESKTOP\GNSSREADER\LIB\GNSSMETADATA\OBJ\WIN32\DEBUG\DURATION.OBJ
C:\USERS\ANTADMIN\DESKTOP\GNSSREADER\LIB\GNSSMETADATA\OBJ\WIN32\DEBUG\DURATIONTRANSLATOR.OBJ
C:\USERS\ANTADMIN\DESKTOP\GNSSREADER\LIB\GNSSMETADATA\OBJ\WIN32\DEBUG\FILE.OBJ
C:\USERS\ANTADMIN\DESKTOP\GNSSREADER\LIB\GNSSMETADATA\OBJ\WIN32\DEBUG\FILESETTRANSLATOR.OBJ
C:\USERS\ANTADMIN\DESKTOP\GNSSREADER\LIB\GNSSMETADATA\OBJ\WIN32\DEBUG\FILETRANSLATOR.OBJ
C:\USERS\ANTADMIN\DESKTOP\GNSSREADER\LIB\GNSSMETADATA\OBJ\WIN32\DEBUG\FREQUENCY.OBJ
C:\USERS\ANTADMIN\DESKTOP\GNSSREADER\LIB\GNSSMETADATA\OBJ\WIN32\DEBUG\FREQUENCYTRANSLATOR.OBJ
C:\Users\ANTadmin\Desktop\GNSSReader\lib\GnssMetadata\obj\Win32\Debug\GnssMetadata.vcxprojResolveAssemblyReference.cache
C:\Users\ANTadmin\Desktop\GNSSReader\lib\GnssMetadata\obj\Win32\Debug\GnssMetadata.write.1.tlog
C:\USERS\ANTADMIN\DESKTOP\GNSSREADER\LIB\GNSSMETADATA\OBJ\WIN32\DEBUG\LANE.OBJ
C:\USERS\ANTADMIN\DESKTOP\GNSSREADER\LIB\GNSSMETADATA\OBJ\WIN32\DEBUG\LANETRANSLATOR.OBJ
C:\Users\ANTadmin\Desktop\GNSSReader\lib\GnssMetadata\obj\Win32\Debug\lib.command.1.tlog
C:\Users\ANTadmin\Desktop\GNSSReader\lib\GnssMetadata\obj\Win32\Debug\Lib-link.read.1.tlog
C:\Users\ANTadmin\Desktop\GNSSReader\lib\GnssMetadata\obj\Win32\Debug\Lib-link.write.1.tlog
C:\USERS\ANTADMIN\DESKTOP\GNSSREADER\LIB\GNSSMETADATA\OBJ\WIN32\DEBUG\LUMP.OBJ
C:\USERS\ANTADMIN\DESKTOP\GNSSREADER\LIB\GNSSMETADATA\OBJ\WIN32\DEBUG\LUMPTRANSLATOR.OBJ
C:\USERS\ANTADMIN\DESKTOP\GNSSREADER\LIB\GNSSMETADATA\OBJ\WIN32\DEBUG\METADATA.OBJ
C:\USERS\ANTADMIN\DESKTOP\GNSSREADER\LIB\GNSSMETADATA\OBJ\WIN32\DEBUG\METADATATRANSLATOR.OBJ
C:\USERS\ANTADMIN\DESKTOP\GNSSREADER\LIB\GNSSMETADATA\OBJ\WIN32\DEBUG\OSCILLATORTRANSLATOR.OBJ
C:\USERS\ANTADMIN\DESKTOP\GNSSREADER\LIB\GNSSMETADATA\OBJ\WIN32\DEBUG\POSITION.OBJ
C:\USERS\ANTADMIN\DESKTOP\GNSSREADER\LIB\GNSSMETADATA\OBJ\WIN32\DEBUG\POSITIONTRANSLATOR.OBJ
C:\USERS\ANTADMIN\DESKTOP\GNSSREADER\LIB\GNSSMETADATA\OBJ\WIN32\DEBUG\RFCONFIGTRANSLATOR.OBJ
C:\USERS\ANTADMIN\DESKTOP\GNSSREADER\LIB\GNSSMETADATA\OBJ\WIN32\DEBUG\SESSION.OBJ
C:\USERS\ANTADMIN\DESKTOP\GNSSREADER\LIB\GNSSMETADATA\OBJ\WIN32\DEBUG\SESSIONTRANSLATOR.OBJ
C:\USERS\ANTADMIN\DESKTOP\GNSSREADER\LIB\GNSSMETADATA\OBJ\WIN32\DEBUG\SOURCE.OBJ
C:\USERS\ANTADMIN\DESKTOP\GNSSREADER\LIB\GNSSMETADATA\OBJ\WIN32\DEBUG\SOURCETRANSLATOR.OBJ
C:\USERS\ANTADMIN\DESKTOP\GNSSREADER\LIB\GNSSMETADATA\OBJ\WIN32\DEBUG\STREAM.OBJ
C:\USERS\ANTADMIN\DESKTOP\GNSSREADER\LIB\GNSSMETADATA\OBJ\WIN32\DEBUG\STREAMTRANSLATOR.OBJ
C:\USERS\ANTADMIN\DESKTOP\GNSSREADER\LIB\GNSSMETADATA\OBJ\WIN32\DEBUG\SYSTEM.OBJ
C:\USERS\ANTADMIN\DESKTOP\GNSSREADER\LIB\GNSSMETADATA\OBJ\WIN32\DEBUG\SYSTEMTRANSLATOR.OBJ
C:\USERS\ANTADMIN\DESKTOP\GNSSREADER\LIB\GNSSMETADATA\OBJ\WIN32\DEBUG\TRANSLATOR.OBJ
C:\Users\ANTadmin\Desktop\GNSSReader\lib\GnssMetadata\obj\Win32\Debug\vc100.idb
C:\USERS\ANTADMIN\DESKTOP\GNSSREADER\LIB\GNSSMETADATA\OBJ\WIN32\DEBUG\VC100.PDB
C:\USERS\ANTADMIN\DESKTOP\GNSSREADER\LIB\GNSSMETADATA\OBJ\WIN32\DEBUG\XMLPROCESSOR.OBJ
C:\USERS\ANTADMIN\DESKTOP\GNSSREADER\LIB\WIN32\DEBUG\GNSSMETADATA.LIB
