Build started 7/15/2015 8:04:17 PM.
     1>Project "C:\Users\ANTadmin\Desktop\GNSSReader\GnssReader\lib\GnssMetadata\GnssMetadata.vcxproj" on node 2 (build target(s)).
     1>InitializeBuildStatus:
         Creating "C:\Users\ANTadmin\Desktop\GNSSReader\GnssReader\lib\GnssMetadata\\obj\Win32\Debug\GnssMetadata.unsuccessfulbuild" because "AlwaysCreate" was specified.
       ClCompile:
         c:\Program Files (x86)\Microsoft Visual Studio 10.0\VC\bin\CL.exe /c /IC:\Users\ANTadmin\Desktop\GNSSReader\GnssReader\\include /IC:\Users\ANTadmin\Desktop\GNSSReader\GnssReader\\lib\tinyxml2 /ZI /nologo /W3 /WX- /Od /Oy- /D _CRT_SECURE_NO_WARNINGS /D _UNICODE /D UNICODE /Gm /EHsc /RTC1 /MDd /GS /fp:precise /Zc:wchar_t /Zc:forScope /Fo"C:\Users\ANTadmin\Desktop\GNSSReader\GnssReader\lib\GnssMetadata\\obj\Win32\Debug\\" /Fd"C:\Users\ANTadmin\Desktop\GNSSReader\GnssReader\lib\GnssMetadata\\obj\Win32\Debug\vc100.pdb" /Gd /TP /analyze- /errorReport:prompt AnyUri.cpp Comment.cpp Date.cpp Duration.cpp Frequency.cpp Position.cpp Xml\AnyUriTranslator.cpp Xml\BandTranslator.cpp Xml\BlockTranslator.cpp Xml\ChunkTranslator.cpp Xml\ClusterTranslator.cpp Xml\DurationTranslator.cpp Xml\FileSetTranslator.cpp Xml\FileTranslator.cpp Xml\FrequencyTranslator.cpp Xml\LaneTranslator.cpp Xml\LumpTranslator.cpp Xml\MetadataTranslator.cpp Xml\OscillatorTranslator.cpp Xml\PositionTranslator.cpp Xml\RfConfigTranslator.cpp Xml\SessionTranslator.cpp Xml\SourceTranslator.cpp Xml\StreamTranslator.cpp Xml\SystemTranslator.cpp Xml\Translator.cpp Xml\XmlProcessor.cpp
         XmlProcessor.cpp
         Translator.cpp
         SystemTranslator.cpp
         StreamTranslator.cpp
         SourceTranslator.cpp
         SessionTranslator.cpp
         RfConfigTranslator.cpp
         PositionTranslator.cpp
         OscillatorTranslator.cpp
         MetadataTranslator.cpp
         LumpTranslator.cpp
         LaneTranslator.cpp
         FrequencyTranslator.cpp
         FileTranslator.cpp
         FileSetTranslator.cpp
         DurationTranslator.cpp
         ClusterTranslator.cpp
         ChunkTranslator.cpp
         BlockTranslator.cpp
         BandTranslator.cpp
         Generating Code...
         Compiling...
         AnyUriTranslator.cpp
         Position.cpp
         Frequency.cpp
         Duration.cpp
         Date.cpp
         Comment.cpp
         AnyUri.cpp
         Generating Code...
       Lib:
         c:\Program Files (x86)\Microsoft Visual Studio 10.0\VC\bin\Lib.exe /OUT:"C:\Users\ANTadmin\Desktop\GNSSReader\GnssReader\\lib\Win32\Debug\GnssMetadata.lib" /NOLOGO C:\Users\ANTadmin\Desktop\GNSSReader\GnssReader\lib\GnssMetadata\\obj\Win32\Debug\AnyUri.obj
         C:\Users\ANTadmin\Desktop\GNSSReader\GnssReader\lib\GnssMetadata\\obj\Win32\Debug\AnyUriTranslator.obj
         C:\Users\ANTadmin\Desktop\GNSSReader\GnssReader\lib\GnssMetadata\\obj\Win32\Debug\AttributedObject.obj
         C:\Users\ANTadmin\Desktop\GNSSReader\GnssReader\lib\GnssMetadata\\obj\Win32\Debug\Band.obj
         C:\Users\ANTadmin\Desktop\GNSSReader\GnssReader\lib\GnssMetadata\\obj\Win32\Debug\BandTranslator.obj
         C:\Users\ANTadmin\Desktop\GNSSReader\GnssReader\lib\GnssMetadata\\obj\Win32\Debug\Block.obj
         C:\Users\ANTadmin\Desktop\GNSSReader\GnssReader\lib\GnssMetadata\\obj\Win32\Debug\BlockTranslator.obj
         C:\Users\ANTadmin\Desktop\GNSSReader\GnssReader\lib\GnssMetadata\\obj\Win32\Debug\Chunk.obj
         C:\Users\ANTadmin\Desktop\GNSSReader\GnssReader\lib\GnssMetadata\\obj\Win32\Debug\ChunkTranslator.obj
         C:\Users\ANTadmin\Desktop\GNSSReader\GnssReader\lib\GnssMetadata\\obj\Win32\Debug\Cluster.obj
         C:\Users\ANTadmin\Desktop\GNSSReader\GnssReader\lib\GnssMetadata\\obj\Win32\Debug\ClusterTranslator.obj
         C:\Users\ANTadmin\Desktop\GNSSReader\GnssReader\lib\GnssMetadata\\obj\Win32\Debug\Comment.obj
         C:\Users\ANTadmin\Desktop\GNSSReader\GnssReader\lib\GnssMetadata\\obj\Win32\Debug\Date.obj
         C:\Users\ANTadmin\Desktop\GNSSReader\GnssReader\lib\GnssMetadata\\obj\Win32\Debug\Duration.obj
         C:\Users\ANTadmin\Desktop\GNSSReader\GnssReader\lib\GnssMetadata\\obj\Win32\Debug\DurationTranslator.obj
         C:\Users\ANTadmin\Desktop\GNSSReader\GnssReader\lib\GnssMetadata\\obj\Win32\Debug\File.obj
         C:\Users\ANTadmin\Desktop\GNSSReader\GnssReader\lib\GnssMetadata\\obj\Win32\Debug\FileSetTranslator.obj
         C:\Users\ANTadmin\Desktop\GNSSReader\GnssReader\lib\GnssMetadata\\obj\Win32\Debug\FileTranslator.obj
         C:\Users\ANTadmin\Desktop\GNSSReader\GnssReader\lib\GnssMetadata\\obj\Win32\Debug\Frequency.obj
         C:\Users\ANTadmin\Desktop\GNSSReader\GnssReader\lib\GnssMetadata\\obj\Win32\Debug\FrequencyTranslator.obj
         C:\Users\ANTadmin\Desktop\GNSSReader\GnssReader\lib\GnssMetadata\\obj\Win32\Debug\Lane.obj
         C:\Users\ANTadmin\Desktop\GNSSReader\GnssReader\lib\GnssMetadata\\obj\Win32\Debug\LaneTranslator.obj
         C:\Users\ANTadmin\Desktop\GNSSReader\GnssReader\lib\GnssMetadata\\obj\Win32\Debug\Lump.obj
         C:\Users\ANTadmin\Desktop\GNSSReader\GnssReader\lib\GnssMetadata\\obj\Win32\Debug\LumpTranslator.obj
         C:\Users\ANTadmin\Desktop\GNSSReader\GnssReader\lib\GnssMetadata\\obj\Win32\Debug\Metadata.obj
         C:\Users\ANTadmin\Desktop\GNSSReader\GnssReader\lib\GnssMetadata\\obj\Win32\Debug\MetadataTranslator.obj
         C:\Users\ANTadmin\Desktop\GNSSReader\GnssReader\lib\GnssMetadata\\obj\Win32\Debug\OscillatorTranslator.obj
         C:\Users\ANTadmin\Desktop\GNSSReader\GnssReader\lib\GnssMetadata\\obj\Win32\Debug\Position.obj
         C:\Users\ANTadmin\Desktop\GNSSReader\GnssReader\lib\GnssMetadata\\obj\Win32\Debug\PositionTranslator.obj
         C:\Users\ANTadmin\Desktop\GNSSReader\GnssReader\lib\GnssMetadata\\obj\Win32\Debug\RfConfigTranslator.obj
         C:\Users\ANTadmin\Desktop\GNSSReader\GnssReader\lib\GnssMetadata\\obj\Win32\Debug\Session.obj
         C:\Users\ANTadmin\Desktop\GNSSReader\GnssReader\lib\GnssMetadata\\obj\Win32\Debug\SessionTranslator.obj
         C:\Users\ANTadmin\Desktop\GNSSReader\GnssReader\lib\GnssMetadata\\obj\Win32\Debug\Source.obj
         C:\Users\ANTadmin\Desktop\GNSSReader\GnssReader\lib\GnssMetadata\\obj\Win32\Debug\SourceTranslator.obj
         C:\Users\ANTadmin\Desktop\GNSSReader\GnssReader\lib\GnssMetadata\\obj\Win32\Debug\Stream.obj
         C:\Users\ANTadmin\Desktop\GNSSReader\GnssReader\lib\GnssMetadata\\obj\Win32\Debug\StreamTranslator.obj
         C:\Users\ANTadmin\Desktop\GNSSReader\GnssReader\lib\GnssMetadata\\obj\Win32\Debug\System.obj
         C:\Users\ANTadmin\Desktop\GNSSReader\GnssReader\lib\GnssMetadata\\obj\Win32\Debug\SystemTranslator.obj
         C:\Users\ANTadmin\Desktop\GNSSReader\GnssReader\lib\GnssMetadata\\obj\Win32\Debug\Translator.obj
         C:\Users\ANTadmin\Desktop\GNSSReader\GnssReader\lib\GnssMetadata\\obj\Win32\Debug\XmlProcessor.obj
         GnssMetadata.vcxproj -> C:\Users\ANTadmin\Desktop\GNSSReader\GnssReader\\lib\Win32\Debug\GnssMetadata.lib
       FinalizeBuildStatus:
         Deleting file "C:\Users\ANTadmin\Desktop\GNSSReader\GnssReader\lib\GnssMetadata\\obj\Win32\Debug\GnssMetadata.unsuccessfulbuild".
         Touching "C:\Users\ANTadmin\Desktop\GNSSReader\GnssReader\lib\GnssMetadata\\obj\Win32\Debug\GnssMetadata.lastbuildstate".
     1>Done Building Project "C:\Users\ANTadmin\Desktop\GNSSReader\GnssReader\lib\GnssMetadata\GnssMetadata.vcxproj" (build target(s)).

Build succeeded.

Time Elapsed 00:00:12.84
