Build started 7/18/2015 4:30:59 PM.
     1>Project "C:\Users\ANTadmin\Desktop\SDR STANDARD\GnssMetadata\GnssMetadata\GnssMetadata.vcxproj" on node 2 (build target(s)).
     1>InitializeBuildStatus:
         Touching "Debug\GnssMetadata.unsuccessfulbuild".
       ClCompile:
         c:\Program Files (x86)\Microsoft Visual Studio 10.0\VC\bin\CL.exe /c /I"C:\Users\ANTadmin\Desktop\SDR STANDARD\GnssMetadata\GnssMetadata\\..\lib\tinyxml2" /I"C:\Users\ANTadmin\Desktop\SDR STANDARD\GnssMetadata\GnssMetadata\\..\include\\" /ZI /nologo /W3 /WX- /Od /Oy- /D WIN32 /D _DEBUG /D _CONSOLE /D _UNICODE /D UNICODE /Gm /EHsc /RTC1 /MDd /GS /fp:precise /Zc:wchar_t /Zc:forScope /Fo"Debug\\" /Fd"Debug\vc100.pdb" /Gd /TP /analyze- /errorReport:prompt ..\lib\tinyxml2\tinyxml2.cpp
         tinyxml2.cpp
       ManifestResourceCompile:
         All outputs are up-to-date.
       Link:
         c:\Program Files (x86)\Microsoft Visual Studio 10.0\VC\bin\link.exe /ERRORREPORT:PROMPT /OUT:"C:\Users\ANTadmin\Desktop\SDR STANDARD\GnssMetadata\Debug\GnssMetadata.exe" /INCREMENTAL /NOLOGO kernel32.lib user32.lib gdi32.lib winspool.lib comdlg32.lib advapi32.lib shell32.lib ole32.lib oleaut32.lib uuid.lib odbc32.lib odbccp32.lib /MANIFEST /ManifestFile:"Debug\GnssMetadata.exe.intermediate.manifest" /MANIFESTUAC:"level='asInvoker' uiAccess='false'" /DEBUG /PDB:"C:\Users\ANTadmin\Desktop\SDR STANDARD\GnssMetadata\Debug\GnssMetadata.pdb" /SUBSYSTEM:CONSOLE /TLBID:1 /DYNAMICBASE /NXCOMPAT /IMPLIB:"C:\Users\ANTadmin\Desktop\SDR STANDARD\GnssMetadata\Debug\GnssMetadata.lib" /MACHINE:X86 Debug\GnssMetadata.exe.embed.manifest.res
         Debug\AnyUri.obj
         Debug\AttributedObject.obj
         Debug\Band.obj
         Debug\BaseTypes.obj
         Debug\Block.obj
         Debug\Chunk.obj
         Debug\Cluster.obj
         Debug\Comment.obj
         Debug\Date.obj
         Debug\Duration.obj
         Debug\File.obj
         Debug\Frequency.obj
         Debug\Lane.obj
         Debug\Lump.obj
         Debug\Metadata.obj
         Debug\Position.obj
         Debug\Session.obj
         Debug\Source.obj
         Debug\Stream.obj
         Debug\System.obj
         Debug\AnyUriTranslator.obj
         Debug\BandTranslator.obj
         Debug\BlockTranslator.obj
         Debug\ChunkTranslator.obj
         Debug\ClusterTranslator.obj
         Debug\DurationTranslator.obj
         Debug\FileSetTranslator.obj
         Debug\FileTranslator.obj
         Debug\FrequencyTranslator.obj
         Debug\LaneTranslator.obj
         Debug\LumpTranslator.obj
         Debug\MetadataTranslator.obj
         Debug\OscillatorTranslator.obj
         Debug\PositionTranslator.obj
         Debug\RfConfigTranslator.obj
         Debug\SessionTranslator.obj
         Debug\SourceTranslator.obj
         Debug\StreamTranslator.obj
         Debug\SystemTranslator.obj
         Debug\Translator.obj
         Debug\XmlProcessor.obj
         Debug\tinyxml2.obj
     1>MSVCRTD.lib(crtexe.obj) : error LNK2019: unresolved external symbol _main referenced in function ___tmainCRTStartup
     1>C:\Users\ANTadmin\Desktop\SDR STANDARD\GnssMetadata\Debug\GnssMetadata.exe : fatal error LNK1120: 1 unresolved externals
     1>Done Building Project "C:\Users\ANTadmin\Desktop\SDR STANDARD\GnssMetadata\GnssMetadata\GnssMetadata.vcxproj" (build target(s)) -- FAILED.

Build FAILED.

Time Elapsed 00:00:00.55
