C:\Users\ANTadmin\Desktop\SDR STANDARD\GnssMetadata\Debug\GnssMetadata.pdb
C:\Users\ANTadmin\Desktop\SDR STANDARD\GnssMetadata\GnssMetadata\Debug\cl.command.1.tlog
C:\Users\ANTadmin\Desktop\SDR STANDARD\GnssMetadata\GnssMetadata\Debug\CL.read.1.tlog
C:\Users\ANTadmin\Desktop\SDR STANDARD\GnssMetadata\GnssMetadata\Debug\CL.write.1.tlog
C:\Users\ANTadmin\Desktop\SDR STANDARD\GnssMetadata\GnssMetadata\Debug\GnssMetadata.exe.embed.manifest
C:\USERS\ANTADMIN\DESKTOP\SDR STANDARD\GNSSMETADATA\GNSSMETADATA\DEBUG\GNSSMETADATA.EXE.EMBED.MANIFEST.RES
C:\Users\ANTadmin\Desktop\SDR STANDARD\GnssMetadata\GnssMetadata\Debug\GnssMetadata.exe.intermediate.manifest
C:\Users\ANTadmin\Desktop\SDR STANDARD\GnssMetadata\GnssMetadata\Debug\GnssMetadata.vcxprojResolveAssemblyReference.cache
C:\Users\ANTadmin\Desktop\SDR STANDARD\GnssMetadata\GnssMetadata\Debug\GnssMetadata.write.1.tlog
C:\Users\ANTadmin\Desktop\SDR STANDARD\GnssMetadata\GnssMetadata\Debug\GnssMetadata_manifest.rc
C:\Users\ANTadmin\Desktop\SDR STANDARD\GnssMetadata\GnssMetadata\Debug\link.command.1.tlog
C:\Users\ANTadmin\Desktop\SDR STANDARD\GnssMetadata\GnssMetadata\Debug\link.read.1.tlog
C:\Users\ANTadmin\Desktop\SDR STANDARD\GnssMetadata\GnssMetadata\Debug\link.write.1.tlog
C:\Users\ANTadmin\Desktop\SDR STANDARD\GnssMetadata\GnssMetadata\Debug\link-cvtres.read.1.tlog
C:\Users\ANTadmin\Desktop\SDR STANDARD\GnssMetadata\GnssMetadata\Debug\link-cvtres.write.1.tlog
C:\Users\ANTadmin\Desktop\SDR STANDARD\GnssMetadata\GnssMetadata\Debug\rc.command.1.tlog
C:\Users\ANTadmin\Desktop\SDR STANDARD\GnssMetadata\GnssMetadata\Debug\rc.read.1.tlog
C:\Users\ANTadmin\Desktop\SDR STANDARD\GnssMetadata\GnssMetadata\Debug\rc.write.1.tlog
C:\USERS\ANTADMIN\DESKTOP\SDR STANDARD\GNSSMETADATA\GNSSMETADATA\DEBUG\TINYXML2.OBJ
C:\Users\ANTadmin\Desktop\SDR STANDARD\GnssMetadata\GnssMetadata\Debug\vc100.idb
C:\USERS\ANTADMIN\DESKTOP\SDR STANDARD\GNSSMETADATA\GNSSMETADATA\DEBUG\VC100.PDB
