c:\users\antadmin\desktop\metaapi\lib\gnssmetadata\obj\x64\debug\lane.obj
c:\users\antadmin\desktop\metaapi\lib\gnssmetadata\obj\x64\debug\lanetranslator.obj
c:\users\antadmin\desktop\metaapi\lib\gnssmetadata\obj\x64\debug\lump.obj
c:\users\antadmin\desktop\metaapi\lib\gnssmetadata\obj\x64\debug\lumptranslator.obj
c:\users\antadmin\desktop\metaapi\lib\gnssmetadata\obj\x64\debug\metadata.obj
c:\users\antadmin\desktop\metaapi\lib\gnssmetadata\obj\x64\debug\metadatatranslator.obj
c:\users\antadmin\desktop\metaapi\lib\gnssmetadata\obj\x64\debug\oscillatortranslator.obj
c:\users\antadmin\desktop\metaapi\lib\gnssmetadata\obj\x64\debug\position.obj
c:\users\antadmin\desktop\metaapi\lib\gnssmetadata\obj\x64\debug\positiontranslator.obj
c:\users\antadmin\desktop\metaapi\lib\gnssmetadata\obj\x64\debug\rfconfigtranslator.obj
c:\users\antadmin\desktop\metaapi\lib\gnssmetadata\obj\x64\debug\session.obj
c:\users\antadmin\desktop\metaapi\lib\gnssmetadata\obj\x64\debug\sessiontranslator.obj
c:\users\antadmin\desktop\metaapi\lib\gnssmetadata\obj\x64\debug\source.obj
c:\users\antadmin\desktop\metaapi\lib\gnssmetadata\obj\x64\debug\sourcetranslator.obj
c:\users\antadmin\desktop\metaapi\lib\gnssmetadata\obj\x64\debug\stream.obj
c:\users\antadmin\desktop\metaapi\lib\gnssmetadata\obj\x64\debug\streamtranslator.obj
c:\users\antadmin\desktop\metaapi\lib\gnssmetadata\obj\x64\debug\system.obj
c:\users\antadmin\desktop\metaapi\lib\gnssmetadata\obj\x64\debug\systemtranslator.obj
c:\users\antadmin\desktop\metaapi\lib\gnssmetadata\obj\x64\debug\translator.obj
c:\users\antadmin\desktop\metaapi\lib\gnssmetadata\obj\x64\debug\xmlprocessor.obj
c:\users\antadmin\desktop\metaapi\lib\gnssmetadata\obj\x64\debug\anyuri.obj
c:\users\antadmin\desktop\metaapi\lib\gnssmetadata\obj\x64\debug\anyuritranslator.obj
c:\users\antadmin\desktop\metaapi\lib\gnssmetadata\obj\x64\debug\attributedobject.obj
c:\users\antadmin\desktop\metaapi\lib\gnssmetadata\obj\x64\debug\band.obj
c:\users\antadmin\desktop\metaapi\lib\gnssmetadata\obj\x64\debug\bandtranslator.obj
c:\users\antadmin\desktop\metaapi\lib\gnssmetadata\obj\x64\debug\block.obj
c:\users\antadmin\desktop\metaapi\lib\gnssmetadata\obj\x64\debug\blocktranslator.obj
c:\users\antadmin\desktop\metaapi\lib\gnssmetadata\obj\x64\debug\chunk.obj
c:\users\antadmin\desktop\metaapi\lib\gnssmetadata\obj\x64\debug\chunktranslator.obj
c:\users\antadmin\desktop\metaapi\lib\gnssmetadata\obj\x64\debug\cluster.obj
c:\users\antadmin\desktop\metaapi\lib\gnssmetadata\obj\x64\debug\clustertranslator.obj
c:\users\antadmin\desktop\metaapi\lib\gnssmetadata\obj\x64\debug\comment.obj
c:\users\antadmin\desktop\metaapi\lib\gnssmetadata\obj\x64\debug\date.obj
c:\users\antadmin\desktop\metaapi\lib\gnssmetadata\obj\x64\debug\duration.obj
c:\users\antadmin\desktop\metaapi\lib\gnssmetadata\obj\x64\debug\durationtranslator.obj
c:\users\antadmin\desktop\metaapi\lib\gnssmetadata\obj\x64\debug\file.obj
c:\users\antadmin\desktop\metaapi\lib\gnssmetadata\obj\x64\debug\filesettranslator.obj
c:\users\antadmin\desktop\metaapi\lib\gnssmetadata\obj\x64\debug\filetranslator.obj
c:\users\antadmin\desktop\metaapi\lib\gnssmetadata\obj\x64\debug\frequency.obj
c:\users\antadmin\desktop\metaapi\lib\gnssmetadata\obj\x64\debug\frequencytranslator.obj
c:\users\antadmin\desktop\metaapi\lib\gnssmetadata\obj\x64\debug\vc100.pdb
c:\users\antadmin\desktop\metaapi\lib\x64\debug\gnssmetadata.lib
c:\users\antuser\documents\qtwaterfallplot\lib\gnssmetadata\obj\x64\debug\vc120.pdb
c:\users\antuser\documents\qtwaterfallplot\lib\gnssmetadata\obj\x64\debug\vc120.idb
c:\users\antuser\documents\qtwaterfallplot\lib\gnssmetadata\obj\x64\debug\cl.command.1.tlog
c:\users\antuser\documents\qtwaterfallplot\lib\gnssmetadata\obj\x64\debug\cl.read.1.tlog
c:\users\antuser\documents\qtwaterfallplot\lib\gnssmetadata\obj\x64\debug\cl.write.1.tlog
c:\users\antuser\documents\qtwaterfallplot\lib\gnssmetadata\obj\x64\debug\gnssmetadata.write.1.tlog
c:\users\antuser\documents\qtwaterfallplot\lib\gnssmetadata\obj\x64\debug\lib-link.read.1.tlog
c:\users\antuser\documents\qtwaterfallplot\lib\gnssmetadata\obj\x64\debug\lib-link.write.1.tlog
c:\users\antuser\documents\qtwaterfallplot\lib\gnssmetadata\obj\x64\debug\lib.command.1.tlog
c:\users\antuser\documents\qtwaterfallplot\lib\gnssmetadata\obj\x64\debug\vc100.idb
c:\users\antuser\documents\qtwaterfallplot\lib\gnssmetadata\obj\x64\debug\vc100.pdb
c:\users\antuser\documents\qtwaterfallplot\lib\gnssmetadata\obj\x64\debug\gnssmetadata.tlog\cl.command.1.tlog
c:\users\antuser\documents\qtwaterfallplot\lib\gnssmetadata\obj\x64\debug\gnssmetadata.tlog\cl.read.1.tlog
c:\users\antuser\documents\qtwaterfallplot\lib\gnssmetadata\obj\x64\debug\gnssmetadata.tlog\cl.write.1.tlog
