C:\Users\ANTadmin\Desktop\MetaAPI\\lib\x64\Debug\GnssMetadata.lib
C:\USERS\ANTADMIN\DESKTOP\METAAPI\LIB\GNSSMETADATA\OBJ\X64\DEBUG\ANYURI.OBJ
C:\USERS\ANTADMIN\DESKTOP\METAAPI\LIB\GNSSMETADATA\OBJ\X64\DEBUG\ANYURITRANSLATOR.OBJ
C:\USERS\ANTADMIN\DESKTOP\METAAPI\LIB\GNSSMETADATA\OBJ\X64\DEBUG\ATTRIBUTEDOBJECT.OBJ
C:\USERS\ANTADMIN\DESKTOP\METAAPI\LIB\GNSSMETADATA\OBJ\X64\DEBUG\BAND.OBJ
C:\USERS\ANTADMIN\DESKTOP\METAAPI\LIB\GNSSMETADATA\OBJ\X64\DEBUG\BANDTRANSLATOR.OBJ
C:\USERS\ANTADMIN\DESKTOP\METAAPI\LIB\GNSSMETADATA\OBJ\X64\DEBUG\BLOCK.OBJ
C:\USERS\ANTADMIN\DESKTOP\METAAPI\LIB\GNSSMETADATA\OBJ\X64\DEBUG\BLOCKTRANSLATOR.OBJ
C:\USERS\ANTADMIN\DESKTOP\METAAPI\LIB\GNSSMETADATA\OBJ\X64\DEBUG\CHUNK.OBJ
C:\USERS\ANTADMIN\DESKTOP\METAAPI\LIB\GNSSMETADATA\OBJ\X64\DEBUG\CHUNKTRANSLATOR.OBJ
C:\Users\ANTadmin\Desktop\MetaAPI\lib\GnssMetadata\obj\x64\Debug\cl.command.1.tlog
C:\Users\ANTadmin\Desktop\MetaAPI\lib\GnssMetadata\obj\x64\Debug\CL.read.1.tlog
C:\Users\ANTadmin\Desktop\MetaAPI\lib\GnssMetadata\obj\x64\Debug\CL.write.1.tlog
C:\USERS\ANTADMIN\DESKTOP\METAAPI\LIB\GNSSMETADATA\OBJ\X64\DEBUG\CLUSTER.OBJ
C:\USERS\ANTADMIN\DESKTOP\METAAPI\LIB\GNSSMETADATA\OBJ\X64\DEBUG\CLUSTERTRANSLATOR.OBJ
C:\USERS\ANTADMIN\DESKTOP\METAAPI\LIB\GNSSMETADATA\OBJ\X64\DEBUG\COMMENT.OBJ
C:\USERS\ANTADMIN\DESKTOP\METAAPI\LIB\GNSSMETADATA\OBJ\X64\DEBUG\DATE.OBJ
C:\USERS\ANTADMIN\DESKTOP\METAAPI\LIB\GNSSMETADATA\OBJ\X64\DEBUG\DURATION.OBJ
C:\USERS\ANTADMIN\DESKTOP\METAAPI\LIB\GNSSMETADATA\OBJ\X64\DEBUG\DURATIONTRANSLATOR.OBJ
C:\USERS\ANTADMIN\DESKTOP\METAAPI\LIB\GNSSMETADATA\OBJ\X64\DEBUG\FILE.OBJ
C:\USERS\ANTADMIN\DESKTOP\METAAPI\LIB\GNSSMETADATA\OBJ\X64\DEBUG\FILESETTRANSLATOR.OBJ
C:\USERS\ANTADMIN\DESKTOP\METAAPI\LIB\GNSSMETADATA\OBJ\X64\DEBUG\FILETRANSLATOR.OBJ
C:\USERS\ANTADMIN\DESKTOP\METAAPI\LIB\GNSSMETADATA\OBJ\X64\DEBUG\FREQUENCY.OBJ
C:\USERS\ANTADMIN\DESKTOP\METAAPI\LIB\GNSSMETADATA\OBJ\X64\DEBUG\FREQUENCYTRANSLATOR.OBJ
C:\Users\ANTadmin\Desktop\MetaAPI\lib\GnssMetadata\obj\x64\Debug\GnssMetadata.write.1.tlog
C:\USERS\ANTADMIN\DESKTOP\METAAPI\LIB\GNSSMETADATA\OBJ\X64\DEBUG\LANE.OBJ
C:\USERS\ANTADMIN\DESKTOP\METAAPI\LIB\GNSSMETADATA\OBJ\X64\DEBUG\LANETRANSLATOR.OBJ
C:\Users\ANTadmin\Desktop\MetaAPI\lib\GnssMetadata\obj\x64\Debug\lib.command.1.tlog
C:\Users\ANTadmin\Desktop\MetaAPI\lib\GnssMetadata\obj\x64\Debug\Lib-link.read.1.tlog
C:\Users\ANTadmin\Desktop\MetaAPI\lib\GnssMetadata\obj\x64\Debug\Lib-link.write.1.tlog
C:\USERS\ANTADMIN\DESKTOP\METAAPI\LIB\GNSSMETADATA\OBJ\X64\DEBUG\LUMP.OBJ
C:\USERS\ANTADMIN\DESKTOP\METAAPI\LIB\GNSSMETADATA\OBJ\X64\DEBUG\LUMPTRANSLATOR.OBJ
C:\USERS\ANTADMIN\DESKTOP\METAAPI\LIB\GNSSMETADATA\OBJ\X64\DEBUG\METADATA.OBJ
C:\USERS\ANTADMIN\DESKTOP\METAAPI\LIB\GNSSMETADATA\OBJ\X64\DEBUG\METADATATRANSLATOR.OBJ
C:\USERS\ANTADMIN\DESKTOP\METAAPI\LIB\GNSSMETADATA\OBJ\X64\DEBUG\OSCILLATORTRANSLATOR.OBJ
C:\USERS\ANTADMIN\DESKTOP\METAAPI\LIB\GNSSMETADATA\OBJ\X64\DEBUG\POSITION.OBJ
C:\USERS\ANTADMIN\DESKTOP\METAAPI\LIB\GNSSMETADATA\OBJ\X64\DEBUG\POSITIONTRANSLATOR.OBJ
C:\USERS\ANTADMIN\DESKTOP\METAAPI\LIB\GNSSMETADATA\OBJ\X64\DEBUG\RFCONFIGTRANSLATOR.OBJ
C:\USERS\ANTADMIN\DESKTOP\METAAPI\LIB\GNSSMETADATA\OBJ\X64\DEBUG\SESSION.OBJ
C:\USERS\ANTADMIN\DESKTOP\METAAPI\LIB\GNSSMETADATA\OBJ\X64\DEBUG\SESSIONTRANSLATOR.OBJ
C:\USERS\ANTADMIN\DESKTOP\METAAPI\LIB\GNSSMETADATA\OBJ\X64\DEBUG\SOURCE.OBJ
C:\USERS\ANTADMIN\DESKTOP\METAAPI\LIB\GNSSMETADATA\OBJ\X64\DEBUG\SOURCETRANSLATOR.OBJ
C:\USERS\ANTADMIN\DESKTOP\METAAPI\LIB\GNSSMETADATA\OBJ\X64\DEBUG\STREAM.OBJ
C:\USERS\ANTADMIN\DESKTOP\METAAPI\LIB\GNSSMETADATA\OBJ\X64\DEBUG\STREAMTRANSLATOR.OBJ
C:\USERS\ANTADMIN\DESKTOP\METAAPI\LIB\GNSSMETADATA\OBJ\X64\DEBUG\SYSTEM.OBJ
C:\USERS\ANTADMIN\DESKTOP\METAAPI\LIB\GNSSMETADATA\OBJ\X64\DEBUG\SYSTEMTRANSLATOR.OBJ
C:\USERS\ANTADMIN\DESKTOP\METAAPI\LIB\GNSSMETADATA\OBJ\X64\DEBUG\TRANSLATOR.OBJ
C:\Users\ANTadmin\Desktop\MetaAPI\lib\GnssMetadata\obj\x64\Debug\vc100.idb
C:\USERS\ANTADMIN\DESKTOP\METAAPI\LIB\GNSSMETADATA\OBJ\X64\DEBUG\VC100.PDB
C:\USERS\ANTADMIN\DESKTOP\METAAPI\LIB\GNSSMETADATA\OBJ\X64\DEBUG\XMLPROCESSOR.OBJ
C:\USERS\ANTADMIN\DESKTOP\METAAPI\LIB\X64\DEBUG\GNSSMETADATA.LIB
