C:\USERS\ANTADMIN\DESKTOP\SDR STANDARD\GNSSREADER\DEBUG\GNSSREADER.EXE
C:\USERS\ANTADMIN\DESKTOP\SDR STANDARD\GNSSREADER\DEBUG\GNSSREADER.ILK
C:\USERS\ANTADMIN\DESKTOP\SDR STANDARD\GNSSREADER\DEBUG\GNSSREADER.PDB
C:\USERS\ANTADMIN\DESKTOP\SDR STANDARD\GNSSREADER\GNSSREADER\DEBUG\ANYURI.OBJ
C:\USERS\ANTADMIN\DESKTOP\SDR STANDARD\GNSSREADER\GNSSREADER\DEBUG\ANYURITRANSLATOR.OBJ
C:\USERS\ANTADMIN\DESKTOP\SDR STANDARD\GNSSREADER\GNSSREADER\DEBUG\ATTRIBUTEDOBJECT.OBJ
C:\USERS\ANTADMIN\DESKTOP\SDR STANDARD\GNSSREADER\GNSSREADER\DEBUG\BAND.OBJ
C:\USERS\ANTADMIN\DESKTOP\SDR STANDARD\GNSSREADER\GNSSREADER\DEBUG\BANDTRANSLATOR.OBJ
C:\USERS\ANTADMIN\DESKTOP\SDR STANDARD\GNSSREADER\GNSSREADER\DEBUG\BASETYPES.OBJ
C:\USERS\ANTADMIN\DESKTOP\SDR STANDARD\GNSSREADER\GNSSREADER\DEBUG\BLOCK.OBJ
C:\USERS\ANTADMIN\DESKTOP\SDR STANDARD\GNSSREADER\GNSSREADER\DEBUG\BLOCKANALYTICS.OBJ
C:\USERS\ANTADMIN\DESKTOP\SDR STANDARD\GNSSREADER\GNSSREADER\DEBUG\BLOCKTRANSLATOR.OBJ
C:\USERS\ANTADMIN\DESKTOP\SDR STANDARD\GNSSREADER\GNSSREADER\DEBUG\CHUNK.OBJ
C:\USERS\ANTADMIN\DESKTOP\SDR STANDARD\GNSSREADER\GNSSREADER\DEBUG\CHUNKBUFFER.OBJ
C:\USERS\ANTADMIN\DESKTOP\SDR STANDARD\GNSSREADER\GNSSREADER\DEBUG\CHUNKTRANSLATOR.OBJ
C:\Users\ANTadmin\Desktop\SDR STANDARD\GnssReader\GnssReader\Debug\cl.command.1.tlog
C:\Users\ANTadmin\Desktop\SDR STANDARD\GnssReader\GnssReader\Debug\CL.read.1.tlog
C:\Users\ANTadmin\Desktop\SDR STANDARD\GnssReader\GnssReader\Debug\CL.write.1.tlog
C:\USERS\ANTADMIN\DESKTOP\SDR STANDARD\GNSSREADER\GNSSREADER\DEBUG\CLUSTER.OBJ
C:\USERS\ANTADMIN\DESKTOP\SDR STANDARD\GNSSREADER\GNSSREADER\DEBUG\CLUSTERTRANSLATOR.OBJ
C:\USERS\ANTADMIN\DESKTOP\SDR STANDARD\GNSSREADER\GNSSREADER\DEBUG\COMMENT.OBJ
C:\USERS\ANTADMIN\DESKTOP\SDR STANDARD\GNSSREADER\GNSSREADER\DEBUG\DATE.OBJ
C:\USERS\ANTADMIN\DESKTOP\SDR STANDARD\GNSSREADER\GNSSREADER\DEBUG\DECSTREAM.OBJ
C:\USERS\ANTADMIN\DESKTOP\SDR STANDARD\GNSSREADER\GNSSREADER\DEBUG\DURATION.OBJ
C:\USERS\ANTADMIN\DESKTOP\SDR STANDARD\GNSSREADER\GNSSREADER\DEBUG\DURATIONTRANSLATOR.OBJ
C:\USERS\ANTADMIN\DESKTOP\SDR STANDARD\GNSSREADER\GNSSREADER\DEBUG\FILE.OBJ
C:\USERS\ANTADMIN\DESKTOP\SDR STANDARD\GNSSREADER\GNSSREADER\DEBUG\FILEREADER.OBJ
C:\USERS\ANTADMIN\DESKTOP\SDR STANDARD\GNSSREADER\GNSSREADER\DEBUG\FILESETTRANSLATOR.OBJ
C:\USERS\ANTADMIN\DESKTOP\SDR STANDARD\GNSSREADER\GNSSREADER\DEBUG\FILETRANSLATOR.OBJ
C:\USERS\ANTADMIN\DESKTOP\SDR STANDARD\GNSSREADER\GNSSREADER\DEBUG\FREQUENCY.OBJ
C:\USERS\ANTADMIN\DESKTOP\SDR STANDARD\GNSSREADER\GNSSREADER\DEBUG\FREQUENCYTRANSLATOR.OBJ
C:\USERS\ANTADMIN\DESKTOP\SDR STANDARD\GNSSREADER\GNSSREADER\DEBUG\GNSSREADER.EXE.EMBED.MANIFEST
C:\USERS\ANTADMIN\DESKTOP\SDR STANDARD\GNSSREADER\GNSSREADER\DEBUG\GNSSREADER.EXE.EMBED.MANIFEST.RES
C:\USERS\ANTADMIN\DESKTOP\SDR STANDARD\GNSSREADER\GNSSREADER\DEBUG\GNSSREADER.EXE.INTERMEDIATE.MANIFEST
C:\USERS\ANTADMIN\DESKTOP\SDR STANDARD\GNSSREADER\GNSSREADER\DEBUG\GNSSREADER.OBJ
C:\Users\ANTadmin\Desktop\SDR STANDARD\GnssReader\GnssReader\Debug\GnssReader.vcxprojResolveAssemblyReference.cache
C:\Users\ANTadmin\Desktop\SDR STANDARD\GnssReader\GnssReader\Debug\GnssReader.write.1.tlog
C:\Users\ANTadmin\Desktop\SDR STANDARD\GnssReader\GnssReader\Debug\GnssReader_manifest.rc
C:\USERS\ANTADMIN\DESKTOP\SDR STANDARD\GNSSREADER\GNSSREADER\DEBUG\IBUFFER.OBJ
C:\USERS\ANTADMIN\DESKTOP\SDR STANDARD\GNSSREADER\GNSSREADER\DEBUG\LANE.OBJ
C:\USERS\ANTADMIN\DESKTOP\SDR STANDARD\GNSSREADER\GNSSREADER\DEBUG\LANETRANSLATOR.OBJ
C:\Users\ANTadmin\Desktop\SDR STANDARD\GnssReader\GnssReader\Debug\link.9972.read.1.tlog
C:\Users\ANTadmin\Desktop\SDR STANDARD\GnssReader\GnssReader\Debug\link.9972.write.1.tlog
C:\Users\ANTadmin\Desktop\SDR STANDARD\GnssReader\GnssReader\Debug\link.9972-cvtres.read.1.tlog
C:\Users\ANTadmin\Desktop\SDR STANDARD\GnssReader\GnssReader\Debug\link.9972-cvtres.write.1.tlog
C:\Users\ANTadmin\Desktop\SDR STANDARD\GnssReader\GnssReader\Debug\link.command.1.tlog
C:\Users\ANTadmin\Desktop\SDR STANDARD\GnssReader\GnssReader\Debug\link.read.1.tlog
C:\Users\ANTadmin\Desktop\SDR STANDARD\GnssReader\GnssReader\Debug\link.write.1.tlog
C:\Users\ANTadmin\Desktop\SDR STANDARD\GnssReader\GnssReader\Debug\link-cvtres.read.1.tlog
C:\Users\ANTadmin\Desktop\SDR STANDARD\GnssReader\GnssReader\Debug\link-cvtres.write.1.tlog
C:\USERS\ANTADMIN\DESKTOP\SDR STANDARD\GNSSREADER\GNSSREADER\DEBUG\LUMP.OBJ
C:\USERS\ANTADMIN\DESKTOP\SDR STANDARD\GNSSREADER\GNSSREADER\DEBUG\LUMPTRANSLATOR.OBJ
C:\USERS\ANTADMIN\DESKTOP\SDR STANDARD\GNSSREADER\GNSSREADER\DEBUG\METADATA.OBJ
C:\USERS\ANTADMIN\DESKTOP\SDR STANDARD\GNSSREADER\GNSSREADER\DEBUG\METADATATRANSLATOR.OBJ
C:\Users\ANTadmin\Desktop\SDR STANDARD\GnssReader\GnssReader\Debug\mt.command.1.tlog
C:\Users\ANTadmin\Desktop\SDR STANDARD\GnssReader\GnssReader\Debug\mt.read.1.tlog
C:\Users\ANTadmin\Desktop\SDR STANDARD\GnssReader\GnssReader\Debug\mt.write.1.tlog
C:\USERS\ANTADMIN\DESKTOP\SDR STANDARD\GNSSREADER\GNSSREADER\DEBUG\OSCILLATORTRANSLATOR.OBJ
C:\USERS\ANTADMIN\DESKTOP\SDR STANDARD\GNSSREADER\GNSSREADER\DEBUG\POSITION.OBJ
C:\USERS\ANTADMIN\DESKTOP\SDR STANDARD\GNSSREADER\GNSSREADER\DEBUG\POSITIONTRANSLATOR.OBJ
C:\Users\ANTadmin\Desktop\SDR STANDARD\GnssReader\GnssReader\Debug\rc.command.1.tlog
C:\Users\ANTadmin\Desktop\SDR STANDARD\GnssReader\GnssReader\Debug\rc.read.1.tlog
C:\Users\ANTadmin\Desktop\SDR STANDARD\GnssReader\GnssReader\Debug\rc.write.1.tlog
C:\USERS\ANTADMIN\DESKTOP\SDR STANDARD\GNSSREADER\GNSSREADER\DEBUG\RFCONFIGTRANSLATOR.OBJ
C:\USERS\ANTADMIN\DESKTOP\SDR STANDARD\GNSSREADER\GNSSREADER\DEBUG\SESSION.OBJ
C:\USERS\ANTADMIN\DESKTOP\SDR STANDARD\GNSSREADER\GNSSREADER\DEBUG\SESSIONTRANSLATOR.OBJ
C:\USERS\ANTADMIN\DESKTOP\SDR STANDARD\GNSSREADER\GNSSREADER\DEBUG\SOURCE.OBJ
C:\USERS\ANTADMIN\DESKTOP\SDR STANDARD\GNSSREADER\GNSSREADER\DEBUG\SOURCETRANSLATOR.OBJ
C:\USERS\ANTADMIN\DESKTOP\SDR STANDARD\GNSSREADER\GNSSREADER\DEBUG\STREAM.OBJ
C:\USERS\ANTADMIN\DESKTOP\SDR STANDARD\GNSSREADER\GNSSREADER\DEBUG\STREAMANALYTICS.OBJ
C:\USERS\ANTADMIN\DESKTOP\SDR STANDARD\GNSSREADER\GNSSREADER\DEBUG\STREAMTRANSLATOR.OBJ
C:\USERS\ANTADMIN\DESKTOP\SDR STANDARD\GNSSREADER\GNSSREADER\DEBUG\SYSTEM.OBJ
C:\USERS\ANTADMIN\DESKTOP\SDR STANDARD\GNSSREADER\GNSSREADER\DEBUG\SYSTEMTRANSLATOR.OBJ
C:\USERS\ANTADMIN\DESKTOP\SDR STANDARD\GNSSREADER\GNSSREADER\DEBUG\TEST.OBJ
C:\USERS\ANTADMIN\DESKTOP\SDR STANDARD\GNSSREADER\GNSSREADER\DEBUG\TINYXML2.OBJ
C:\USERS\ANTADMIN\DESKTOP\SDR STANDARD\GNSSREADER\GNSSREADER\DEBUG\TRANSLATOR.OBJ
C:\Users\ANTadmin\Desktop\SDR STANDARD\GnssReader\GnssReader\Debug\vc100.idb
C:\USERS\ANTADMIN\DESKTOP\SDR STANDARD\GNSSREADER\GNSSREADER\DEBUG\VC100.PDB
C:\USERS\ANTADMIN\DESKTOP\SDR STANDARD\GNSSREADER\GNSSREADER\DEBUG\XMLPROCESSOR.OBJ
C:\USERS\ANTADMIN\DESKTOP\SDR STANDARD\GNSSREADER\GNSSREADER\DEBUG\XMLTOMETA.OBJ
