Build started 6/9/2015 6:34:25 PM.
     1>Project "C:\Users\ANTadmin\Desktop\GNSSReader\GnssReader\lib\GnssMetadata\GnssMetadata.vcxproj" on node 2 (build target(s)).
     1>InitializeBuildStatus:
         Creating "C:\Users\ANTadmin\Desktop\GNSSReader\GnssReader\lib\GnssMetadata\\obj\Win32\Release\GnssMetadata.unsuccessfulbuild" because "AlwaysCreate" was specified.
       ClCompile:
         c:\Program Files (x86)\Microsoft Visual Studio 10.0\VC\bin\CL.exe /c /IC:\Users\ANTadmin\Desktop\GNSSReader\GnssReader\\include /IC:\Users\ANTadmin\Desktop\GNSSReader\GnssReader\\lib\tinyxml2 /Zi /nologo /W3 /WX- /O1 /Oi /Os /Oy- /GL /D _CRT_SECURE_NO_WARNINGS /D _UNICODE /D UNICODE /Gm- /EHsc /MD /GS /Gy /fp:precise /Zc:wchar_t /Zc:forScope /Fo"C:\Users\ANTadmin\Desktop\GNSSReader\GnssReader\lib\GnssMetadata\\obj\Win32\Release\\" /Fd"C:\Users\ANTadmin\Desktop\GNSSReader\GnssReader\lib\GnssMetadata\\obj\Win32\Release\vc100.pdb" /Gd /TP /analyze- /errorReport:prompt AnyUri.cpp Xml\AnyUriTranslator.cpp AttributedObject.cpp Band.cpp Xml\BandTranslator.cpp Block.cpp Xml\BlockTranslator.cpp Chunk.cpp Xml\ChunkTranslator.cpp Cluster.cpp Xml\ClusterTranslator.cpp Comment.cpp Date.cpp Duration.cpp Xml\DurationTranslator.cpp File.cpp Xml\FileSetTranslator.cpp Xml\FileTranslator.cpp Frequency.cpp Xml\FrequencyTranslator.cpp Lane.cpp Xml\LaneTranslator.cpp Lump.cpp Xml\LumpTranslator.cpp Metadata.cpp Xml\MetadataTranslator.cpp Xml\OscillatorTranslator.cpp Position.cpp Xml\PositionTranslator.cpp Xml\RfConfigTranslator.cpp Session.cpp Xml\SessionTranslator.cpp Source.cpp Xml\SourceTranslator.cpp Stream.cpp Xml\StreamTranslator.cpp System.cpp Xml\SystemTranslator.cpp Xml\Translator.cpp Xml\XmlProcessor.cpp
         AnyUri.cpp
         AnyUriTranslator.cpp
         AttributedObject.cpp
         Band.cpp
         BandTranslator.cpp
         Block.cpp
         BlockTranslator.cpp
         Chunk.cpp
         ChunkTranslator.cpp
         Cluster.cpp
         ClusterTranslator.cpp
         Comment.cpp
         Date.cpp
         Duration.cpp
         DurationTranslator.cpp
         File.cpp
         FileSetTranslator.cpp
         FileTranslator.cpp
         Frequency.cpp
         FrequencyTranslator.cpp
         Compiling...
         Lane.cpp
         LaneTranslator.cpp
         Lump.cpp
         LumpTranslator.cpp
         Metadata.cpp
         MetadataTranslator.cpp
         OscillatorTranslator.cpp
         Position.cpp
         PositionTranslator.cpp
         RfConfigTranslator.cpp
         Session.cpp
         SessionTranslator.cpp
         Source.cpp
         SourceTranslator.cpp
         Stream.cpp
         StreamTranslator.cpp
         System.cpp
         SystemTranslator.cpp
         Translator.cpp
         XmlProcessor.cpp
       Lib:
         c:\Program Files (x86)\Microsoft Visual Studio 10.0\VC\bin\Lib.exe /OUT:"C:\Users\ANTadmin\Desktop\GNSSReader\GnssReader\\lib\Win32\Release\GnssMetadata.lib" /NOLOGO /LTCG C:\Users\ANTadmin\Desktop\GNSSReader\GnssReader\lib\GnssMetadata\\obj\Win32\Release\AnyUri.obj
         C:\Users\ANTadmin\Desktop\GNSSReader\GnssReader\lib\GnssMetadata\\obj\Win32\Release\AnyUriTranslator.obj
         C:\Users\ANTadmin\Desktop\GNSSReader\GnssReader\lib\GnssMetadata\\obj\Win32\Release\AttributedObject.obj
         C:\Users\ANTadmin\Desktop\GNSSReader\GnssReader\lib\GnssMetadata\\obj\Win32\Release\Band.obj
         C:\Users\ANTadmin\Desktop\GNSSReader\GnssReader\lib\GnssMetadata\\obj\Win32\Release\BandTranslator.obj
         C:\Users\ANTadmin\Desktop\GNSSReader\GnssReader\lib\GnssMetadata\\obj\Win32\Release\Block.obj
         C:\Users\ANTadmin\Desktop\GNSSReader\GnssReader\lib\GnssMetadata\\obj\Win32\Release\BlockTranslator.obj
         C:\Users\ANTadmin\Desktop\GNSSReader\GnssReader\lib\GnssMetadata\\obj\Win32\Release\Chunk.obj
         C:\Users\ANTadmin\Desktop\GNSSReader\GnssReader\lib\GnssMetadata\\obj\Win32\Release\ChunkTranslator.obj
         C:\Users\ANTadmin\Desktop\GNSSReader\GnssReader\lib\GnssMetadata\\obj\Win32\Release\Cluster.obj
         C:\Users\ANTadmin\Desktop\GNSSReader\GnssReader\lib\GnssMetadata\\obj\Win32\Release\ClusterTranslator.obj
         C:\Users\ANTadmin\Desktop\GNSSReader\GnssReader\lib\GnssMetadata\\obj\Win32\Release\Comment.obj
         C:\Users\ANTadmin\Desktop\GNSSReader\GnssReader\lib\GnssMetadata\\obj\Win32\Release\Date.obj
         C:\Users\ANTadmin\Desktop\GNSSReader\GnssReader\lib\GnssMetadata\\obj\Win32\Release\Duration.obj
         C:\Users\ANTadmin\Desktop\GNSSReader\GnssReader\lib\GnssMetadata\\obj\Win32\Release\DurationTranslator.obj
         C:\Users\ANTadmin\Desktop\GNSSReader\GnssReader\lib\GnssMetadata\\obj\Win32\Release\File.obj
         C:\Users\ANTadmin\Desktop\GNSSReader\GnssReader\lib\GnssMetadata\\obj\Win32\Release\FileSetTranslator.obj
         C:\Users\ANTadmin\Desktop\GNSSReader\GnssReader\lib\GnssMetadata\\obj\Win32\Release\FileTranslator.obj
         C:\Users\ANTadmin\Desktop\GNSSReader\GnssReader\lib\GnssMetadata\\obj\Win32\Release\Frequency.obj
         C:\Users\ANTadmin\Desktop\GNSSReader\GnssReader\lib\GnssMetadata\\obj\Win32\Release\FrequencyTranslator.obj
         C:\Users\ANTadmin\Desktop\GNSSReader\GnssReader\lib\GnssMetadata\\obj\Win32\Release\Lane.obj
         C:\Users\ANTadmin\Desktop\GNSSReader\GnssReader\lib\GnssMetadata\\obj\Win32\Release\LaneTranslator.obj
         C:\Users\ANTadmin\Desktop\GNSSReader\GnssReader\lib\GnssMetadata\\obj\Win32\Release\Lump.obj
         C:\Users\ANTadmin\Desktop\GNSSReader\GnssReader\lib\GnssMetadata\\obj\Win32\Release\LumpTranslator.obj
         C:\Users\ANTadmin\Desktop\GNSSReader\GnssReader\lib\GnssMetadata\\obj\Win32\Release\Metadata.obj
         C:\Users\ANTadmin\Desktop\GNSSReader\GnssReader\lib\GnssMetadata\\obj\Win32\Release\MetadataTranslator.obj
         C:\Users\ANTadmin\Desktop\GNSSReader\GnssReader\lib\GnssMetadata\\obj\Win32\Release\OscillatorTranslator.obj
         C:\Users\ANTadmin\Desktop\GNSSReader\GnssReader\lib\GnssMetadata\\obj\Win32\Release\Position.obj
         C:\Users\ANTadmin\Desktop\GNSSReader\GnssReader\lib\GnssMetadata\\obj\Win32\Release\PositionTranslator.obj
         C:\Users\ANTadmin\Desktop\GNSSReader\GnssReader\lib\GnssMetadata\\obj\Win32\Release\RfConfigTranslator.obj
         C:\Users\ANTadmin\Desktop\GNSSReader\GnssReader\lib\GnssMetadata\\obj\Win32\Release\Session.obj
         C:\Users\ANTadmin\Desktop\GNSSReader\GnssReader\lib\GnssMetadata\\obj\Win32\Release\SessionTranslator.obj
         C:\Users\ANTadmin\Desktop\GNSSReader\GnssReader\lib\GnssMetadata\\obj\Win32\Release\Source.obj
         C:\Users\ANTadmin\Desktop\GNSSReader\GnssReader\lib\GnssMetadata\\obj\Win32\Release\SourceTranslator.obj
         C:\Users\ANTadmin\Desktop\GNSSReader\GnssReader\lib\GnssMetadata\\obj\Win32\Release\Stream.obj
         C:\Users\ANTadmin\Desktop\GNSSReader\GnssReader\lib\GnssMetadata\\obj\Win32\Release\StreamTranslator.obj
         C:\Users\ANTadmin\Desktop\GNSSReader\GnssReader\lib\GnssMetadata\\obj\Win32\Release\System.obj
         C:\Users\ANTadmin\Desktop\GNSSReader\GnssReader\lib\GnssMetadata\\obj\Win32\Release\SystemTranslator.obj
         C:\Users\ANTadmin\Desktop\GNSSReader\GnssReader\lib\GnssMetadata\\obj\Win32\Release\Translator.obj
         C:\Users\ANTadmin\Desktop\GNSSReader\GnssReader\lib\GnssMetadata\\obj\Win32\Release\XmlProcessor.obj
         GnssMetadata.vcxproj -> C:\Users\ANTadmin\Desktop\GNSSReader\GnssReader\\lib\Win32\Release\GnssMetadata.lib
       FinalizeBuildStatus:
         Deleting file "C:\Users\ANTadmin\Desktop\GNSSReader\GnssReader\lib\GnssMetadata\\obj\Win32\Release\GnssMetadata.unsuccessfulbuild".
         Touching "C:\Users\ANTadmin\Desktop\GNSSReader\GnssReader\lib\GnssMetadata\\obj\Win32\Release\GnssMetadata.lastbuildstate".
     1>Done Building Project "C:\Users\ANTadmin\Desktop\GNSSReader\GnssReader\lib\GnssMetadata\GnssMetadata.vcxproj" (build target(s)).

Build succeeded.

Time Elapsed 00:00:14.08
